[
  {
    "line": 1,
    "elements": [
      {
        "line": 4,
        "name": "Title of your scenario outline",
        "description": "",
        "id": "login-to-the-application;title-of-your-scenario-outline",
        "type": "scenario",
        "keyword": "Scenario",
        "steps": [
          {
            "result": {
              "duration": 12172505727,
              "status": "passed"
            },
            "line": 5,
            "name": "the user opens up facebook",
            "match": {
              "location": "TestLogin.the_user_opens_up_facebook()"
            },
            "keyword": "Given "
          },
          {
            "result": {
              "duration": 54695176,
              "error_message": "org.openqa.selenium.NoSuchElementException: Unable to locate element: {\"method\":\"id\",\"selector\":\"username\"}\nCommand duration or timeout: 40 milliseconds\nFor documentation on this error, please visit: http://seleniumhq.org/exceptions/no_such_element.html\nBuild info: version: \u00272.53.0\u0027, revision: \u002735ae25b1534ae328c771e0856c93e187490ca824\u0027, time: \u00272016-03-15 10:43:46\u0027\nSystem info: host: \u0027Home-PC\u0027, ip: \u0027192.168.1.124\u0027, os.name: \u0027Windows 10\u0027, os.arch: \u0027x86\u0027, os.version: \u002710.0\u0027, java.version: \u00271.8.0_121\u0027\nDriver info: org.openqa.selenium.firefox.FirefoxDriver\nCapabilities [{applicationCacheEnabled\u003dtrue, rotatable\u003dfalse, handlesAlerts\u003dtrue, databaseEnabled\u003dtrue, version\u003d46.0.1, platform\u003dWINDOWS, nativeEvents\u003dfalse, acceptSslCerts\u003dtrue, webStorageEnabled\u003dtrue, locationContextEnabled\u003dtrue, browserName\u003dfirefox, takesScreenshot\u003dtrue, javascriptEnabled\u003dtrue, cssSelectorsEnabled\u003dtrue}]\nSession ID: 947d729a-8b17-45bd-bcd2-2dc1e014421b\n*** Element info: {Using\u003did, value\u003dusername}\r\n\tat sun.reflect.NativeConstructorAccessorImpl.newInstance0(Native Method)\r\n\tat sun.reflect.NativeConstructorAccessorImpl.newInstance(NativeConstructorAccessorImpl.java:62)\r\n\tat sun.reflect.DelegatingConstructorAccessorImpl.newInstance(DelegatingConstructorAccessorImpl.java:45)\r\n\tat java.lang.reflect.Constructor.newInstance(Constructor.java:423)\r\n\tat org.openqa.selenium.remote.ErrorHandler.createThrowable(ErrorHandler.java:206)\r\n\tat org.openqa.selenium.remote.ErrorHandler.throwIfResponseFailed(ErrorHandler.java:158)\r\n\tat org.openqa.selenium.remote.RemoteWebDriver.execute(RemoteWebDriver.java:678)\r\n\tat org.openqa.selenium.remote.RemoteWebDriver.findElement(RemoteWebDriver.java:363)\r\n\tat org.openqa.selenium.remote.RemoteWebDriver.findElementById(RemoteWebDriver.java:413)\r\n\tat org.openqa.selenium.By$ById.findElement(By.java:218)\r\n\tat org.openqa.selenium.remote.RemoteWebDriver.findElement(RemoteWebDriver.java:355)\r\n\tat stepDefinition.TestLogin.the_user_enters_the_invalid_credentials(TestLogin.java:21)\r\n\tat âœ½.When the user enters the invalid credentials(myFeature.feature:6)\r\nCaused by: org.openqa.selenium.NoSuchElementException: Unable to locate element: {\"method\":\"id\",\"selector\":\"username\"}\nFor documentation on this error, please visit: http://seleniumhq.org/exceptions/no_such_element.html\nBuild info: version: \u00272.53.0\u0027, revision: \u002735ae25b1534ae328c771e0856c93e187490ca824\u0027, time: \u00272016-03-15 10:43:46\u0027\nSystem info: host: \u0027Home-PC\u0027, ip: \u0027192.168.1.124\u0027, os.name: \u0027Windows 10\u0027, os.arch: \u0027x86\u0027, os.version: \u002710.0\u0027, java.version: \u00271.8.0_121\u0027\nDriver info: driver.version: unknown\r\n\tat \u003canonymous class\u003e.FirefoxDriver.prototype.findElementInternal_(file:///C:/Users/Home/AppData/Local/Temp/anonymous2794790447358609710webdriver-profile/extensions/fxdriver@googlecode.com/components/driver-component.js:10770)\r\n\tat \u003canonymous class\u003e.FirefoxDriver.prototype.findElement(file:///C:/Users/Home/AppData/Local/Temp/anonymous2794790447358609710webdriver-profile/extensions/fxdriver@googlecode.com/components/driver-component.js:10779)\r\n\tat \u003canonymous class\u003e.DelayedCommand.prototype.executeInternal_/h(file:///C:/Users/Home/AppData/Local/Temp/anonymous2794790447358609710webdriver-profile/extensions/fxdriver@googlecode.com/components/command-processor.js:12661)\r\n\tat \u003canonymous class\u003e.DelayedCommand.prototype.executeInternal_(file:///C:/Users/Home/AppData/Local/Temp/anonymous2794790447358609710webdriver-profile/extensions/fxdriver@googlecode.com/components/command-processor.js:12666)\r\n\tat \u003canonymous class\u003e.DelayedCommand.prototype.execute/\u003c(file:///C:/Users/Home/AppData/Local/Temp/anonymous2794790447358609710webdriver-profile/extensions/fxdriver@googlecode.com/components/command-processor.js:12608)\r\n",
              "status": "failed"
            },
            "line": 6,
            "name": "the user enters the invalid credentials",
            "match": {
              "location": "TestLogin.the_user_enters_the_invalid_credentials()"
            },
            "keyword": "When "
          },
          {
            "result": {
              "status": "skipped"
            },
            "line": 7,
            "name": "the application doesn\u0027t allow the user to login",
            "match": {
              "location": "TestLogin.the_application_doesn_t_allow_the_user_to_login()"
            },
            "keyword": "Then "
          }
        ]
      }
    ],
    "name": "Login to the application",
    "description": "",
    "id": "login-to-the-application",
    "keyword": "Feature",
    "uri": "myFeature.feature"
  }
]